Performing C SOURCE FILE Test CMAKE_HAVE_LIBC_PTHREAD failed with the following output:
Change Dir: /home/ktx/d435/DNN/build/CMakeFiles/CMakeTmp

Run Build Command(s):/usr/bin/make -f Makefile cmTC_2edc7/fast && /usr/bin/make  -f CMakeFiles/cmTC_2edc7.dir/build.make CMakeFiles/cmTC_2edc7.dir/build
make[1]: 进入目录“/home/ktx/d435/DNN/build/CMakeFiles/CMakeTmp”
Building C object CMakeFiles/cmTC_2edc7.dir/src.c.o
/usr/bin/cc -DCMAKE_HAVE_LIBC_PTHREAD   -o CMakeFiles/cmTC_2edc7.dir/src.c.o -c /home/ktx/d435/DNN/build/CMakeFiles/CMakeTmp/src.c
Linking C executable cmTC_2edc7
/home/ktx/cmake-3.21.4/bin/cmake -E cmake_link_script CMakeFiles/cmTC_2edc7.dir/link.txt --verbose=1
/usr/bin/cc CMakeFiles/cmTC_2edc7.dir/src.c.o -o cmTC_2edc7 
CMakeFiles/cmTC_2edc7.dir/src.c.o：在函数‘main’中：
src.c:(.text+0x3e)：对‘pthread_create’未定义的引用
src.c:(.text+0x4a)：对‘pthread_detach’未定义的引用
src.c:(.text+0x56)：对‘pthread_cancel’未定义的引用
src.c:(.text+0x67)：对‘pthread_join’未定义的引用
src.c:(.text+0x7b)：对‘pthread_atfork’未定义的引用
collect2: error: ld returned 1 exit status
CMakeFiles/cmTC_2edc7.dir/build.make:98: recipe for target 'cmTC_2edc7' failed
make[1]: *** [cmTC_2edc7] Error 1
make[1]: 离开目录“/home/ktx/d435/DNN/build/CMakeFiles/CMakeTmp”
Makefile:127: recipe for target 'cmTC_2edc7/fast' failed
make: *** [cmTC_2edc7/fast] Error 2


Source file was:
#include <pthread.h>

static void* test_func(void* data)
{
  return data;
}

int main(void)
{
  pthread_t thread;
  pthread_create(&thread, NULL, test_func, NULL);
  pthread_detach(thread);
  pthread_cancel(thread);
  pthread_join(thread, NULL);
  pthread_atfork(NULL, NULL, NULL);
  pthread_exit(NULL);

  return 0;
}

Determining if the function pthread_create exists in the pthreads failed with the following output:
Change Dir: /home/ktx/d435/DNN/build/CMakeFiles/CMakeTmp

Run Build Command(s):/usr/bin/make -f Makefile cmTC_d50be/fast && /usr/bin/make  -f CMakeFiles/cmTC_d50be.dir/build.make CMakeFiles/cmTC_d50be.dir/build
make[1]: 进入目录“/home/ktx/d435/DNN/build/CMakeFiles/CMakeTmp”
Building C object CMakeFiles/cmTC_d50be.dir/CheckFunctionExists.c.o
/usr/bin/cc   -DCHECK_FUNCTION_EXISTS=pthread_create -o CMakeFiles/cmTC_d50be.dir/CheckFunctionExists.c.o -c /home/ktx/cmake-3.21.4/Modules/CheckFunctionExists.c
Linking C executable cmTC_d50be
/home/ktx/cmake-3.21.4/bin/cmake -E cmake_link_script CMakeFiles/cmTC_d50be.dir/link.txt --verbose=1
/usr/bin/cc  -DCHECK_FUNCTION_EXISTS=pthread_create CMakeFiles/cmTC_d50be.dir/CheckFunctionExists.c.o -o cmTC_d50be  -lpthreads 
/usr/bin/ld: 找不到 -lpthreads
collect2: error: ld returned 1 exit status
CMakeFiles/cmTC_d50be.dir/build.make:98: recipe for target 'cmTC_d50be' failed
make[1]: *** [cmTC_d50be] Error 1
make[1]: 离开目录“/home/ktx/d435/DNN/build/CMakeFiles/CMakeTmp”
Makefile:127: recipe for target 'cmTC_d50be/fast' failed
make: *** [cmTC_d50be/fast] Error 2



Determining if the function sgesv exists failed with the following output:
Change Dir: /home/ktx/d435/DNN/build/CMakeFiles/CMakeTmp

Run Build Command(s):/usr/bin/make -f Makefile cmTC_2cee0/fast && /usr/bin/make  -f CMakeFiles/cmTC_2cee0.dir/build.make CMakeFiles/cmTC_2cee0.dir/build
make[1]: 进入目录“/home/ktx/d435/DNN/build/CMakeFiles/CMakeTmp”
Building C object CMakeFiles/cmTC_2cee0.dir/CheckFunctionExists.c.o
/usr/bin/cc   -DCHECK_FUNCTION_EXISTS=sgesv -o CMakeFiles/cmTC_2cee0.dir/CheckFunctionExists.c.o -c /home/ktx/cmake-3.21.4/Modules/CheckFunctionExists.c
Linking C executable cmTC_2cee0
/home/ktx/cmake-3.21.4/bin/cmake -E cmake_link_script CMakeFiles/cmTC_2cee0.dir/link.txt --verbose=1
/usr/bin/cc  -DCHECK_FUNCTION_EXISTS=sgesv -rdynamic CMakeFiles/cmTC_2cee0.dir/CheckFunctionExists.c.o -o cmTC_2cee0  /usr/lib/x86_64-linux-gnu/liblapack.so 
CMakeFiles/cmTC_2cee0.dir/CheckFunctionExists.c.o：在函数‘main’中：
CheckFunctionExists.c:(.text+0x10)：对‘sgesv’未定义的引用
collect2: error: ld returned 1 exit status
CMakeFiles/cmTC_2cee0.dir/build.make:99: recipe for target 'cmTC_2cee0' failed
make[1]: *** [cmTC_2cee0] Error 1
make[1]: 离开目录“/home/ktx/d435/DNN/build/CMakeFiles/CMakeTmp”
Makefile:127: recipe for target 'cmTC_2cee0/fast' failed
make: *** [cmTC_2cee0/fast] Error 2



